[    0.000000] Linux version 4.15.0-118-generic (buildd@lgw01-amd64-039) (gcc version 7.5.0 (Ubuntu 7.5.0-3ubuntu1~18.04)) #119-Ubuntu SMP Tue Sep 8 12:30:01 UTC 2020 (Ubuntu 4.15.0-118.119-generic 4.15.18)
[    0.000000] Command line: BOOT_IMAGE=/boot/vmlinuz-4.15.0-118-generic root=UUID=7b87abe3-072b-4d04-bc76-6bfa1aa31fd5 ro console=tty1 console=ttyS0
[    0.000000] KERNEL supported cpus:
[    0.000000]   Intel GenuineIntel
[    0.000000]   AMD AuthenticAMD
[    0.000000]   Centaur CentaurHauls
[    0.000000] x86/fpu: Supporting XSAVE feature 0x001: 'x87 floating point registers'
[    0.000000] x86/fpu: Supporting XSAVE feature 0x002: 'SSE registers'
[    0.000000] x86/fpu: Supporting XSAVE feature 0x004: 'AVX registers'
[    0.000000] x86/fpu: xstate_offset[2]:  576, xstate_sizes[2]:  256
[    0.000000] x86/fpu: Enabled xstate features 0x7, context size is 832 bytes, using 'standard' format.
[    0.000000] e820: BIOS-provided physical RAM map:
[    0.000000] BIOS-e820: [mem 0x0000000000000000-0x000000000009fbff] usable
[    0.000000] BIOS-e820: [mem 0x000000000009fc00-0x000000000009ffff] reserved
[    0.000000] BIOS-e820: [mem 0x00000000000f0000-0x00000000000fffff] reserved
[    0.000000] BIOS-e820: [mem 0x0000000000100000-0x00000000dffeffff] usable
[    0.000000] BIOS-e820: [mem 0x00000000dfff0000-0x00000000dfffffff] ACPI data
[    0.000000] BIOS-e820: [mem 0x00000000fec00000-0x00000000fec00fff] reserved
[    0.000000] BIOS-e820: [mem 0x00000000fee00000-0x00000000fee00fff] reserved
[    0.000000] BIOS-e820: [mem 0x00000000fffc0000-0x00000000ffffffff] reserved
[    0.000000] BIOS-e820: [mem 0x0000000100000000-0x0000000219ffffff] usable
[    0.000000] NX (Execute Disable) protection: active
[    0.000000] SMBIOS 2.5 present.
[    0.000000] DMI: innotek GmbH VirtualBox/VirtualBox, BIOS VirtualBox 12/01/2006
[    0.000000] Hypervisor detected: KVM
[    0.000000] e820: last_pfn = 0x21a000 max_arch_pfn = 0x400000000
[    0.000000] MTRR: Disabled
[    0.000000] x86/PAT: MTRRs disabled, skipping PAT initialization too.
[    0.000000] CPU MTRRs all blank - virtualized system.
[    0.000000] x86/PAT: Configuration [0-7]: WB  WT  UC- UC  WB  WT  UC- UC  
[    0.000000] e820: last_pfn = 0xdfff0 max_arch_pfn = 0x400000000
[    0.000000] found SMP MP-table at [mem 0x0009fff0-0x0009ffff]
[    0.000000] Scanning 1 areas for low memory corruption
[    0.000000] RAMDISK: [mem 0x350e9000-0x3686bfff]
[    0.000000] ACPI: Early table checksum verification disabled
[    0.000000] ACPI: RSDP 0x00000000000E0000 000024 (v02 VBOX  )
[    0.000000] ACPI: XSDT 0x00000000DFFF0030 00003C (v01 VBOX   VBOXXSDT 00000001 ASL  00000061)
[    0.000000] ACPI: FACP 0x00000000DFFF00F0 0000F4 (v04 VBOX   VBOXFACP 00000001 ASL  00000061)
[    0.000000] ACPI: DSDT 0x00000000DFFF0470 002325 (v02 VBOX   VBOXBIOS 00000002 INTL 20180105)
[    0.000000] ACPI: FACS 0x00000000DFFF0200 000040
[    0.000000] ACPI: FACS 0x00000000DFFF0200 000040
[    0.000000] ACPI: APIC 0x00000000DFFF0240 00005C (v02 VBOX   VBOXAPIC 00000001 ASL  00000061)
[    0.000000] ACPI: SSDT 0x00000000DFFF02A0 0001CC (v01 VBOX   VBOXCPUT 00000002 INTL 20180105)
[    0.000000] No NUMA configuration found
[    0.000000] Faking a node at [mem 0x0000000000000000-0x0000000219ffffff]
[    0.000000] NODE_DATA(0) allocated [mem 0x219fd2000-0x219ffcfff]
[    0.000000] kvm-clock: cpu 0, msr 2:19f51001, primary cpu clock
[    0.000000] kvm-clock: Using msrs 4b564d01 and 4b564d00
[    0.000000] kvm-clock: using sched offset of 3290820391 cycles
[    0.000000] clocksource: kvm-clock: mask: 0xffffffffffffffff max_cycles: 0x1cd42e4dffb, max_idle_ns: 881590591483 ns
[    0.000000] Zone ranges:
[    0.000000]   DMA      [mem 0x0000000000001000-0x0000000000ffffff]
[    0.000000]   DMA32    [mem 0x0000000001000000-0x00000000ffffffff]
[    0.000000]   Normal   [mem 0x0000000100000000-0x0000000219ffffff]
[    0.000000]   Device   empty
[    0.000000] Movable zone start for each node
[    0.000000] Early memory node ranges
[    0.000000]   node   0: [mem 0x0000000000001000-0x000000000009efff]
[    0.000000]   node   0: [mem 0x0000000000100000-0x00000000dffeffff]
[    0.000000]   node   0: [mem 0x0000000100000000-0x0000000219ffffff]
[    0.000000] Reserved but unavailable: 98 pages
[    0.000000] Initmem setup node 0 [mem 0x0000000000001000-0x0000000219ffffff]
[    0.000000] ACPI: PM-Timer IO Port: 0x4008
[    0.000000] IOAPIC[0]: apic_id 2, version 32, address 0xfec00000, GSI 0-23
[    0.000000] ACPI: INT_SRC_OVR (bus 0 bus_irq 0 global_irq 2 dfl dfl)
[    0.000000] ACPI: INT_SRC_OVR (bus 0 bus_irq 9 global_irq 9 low level)
[    0.000000] Using ACPI (MADT) for SMP configuration information
[    0.000000] smpboot: Allowing 2 CPUs, 0 hotplug CPUs
[    0.000000] PM: Registered nosave memory: [mem 0x00000000-0x00000fff]
[    0.000000] PM: Registered nosave memory: [mem 0x0009f000-0x0009ffff]
[    0.000000] PM: Registered nosave memory: [mem 0x000a0000-0x000effff]
[    0.000000] PM: Registered nosave memory: [mem 0x000f0000-0x000fffff]
[    0.000000] PM: Registered nosave memory: [mem 0xdfff0000-0xdfffffff]
[    0.000000] PM: Registered nosave memory: [mem 0xe0000000-0xfebfffff]
[    0.000000] PM: Registered nosave memory: [mem 0xfec00000-0xfec00fff]
[    0.000000] PM: Registered nosave memory: [mem 0xfec01000-0xfedfffff]
[    0.000000] PM: Registered nosave memory: [mem 0xfee00000-0xfee00fff]
[    0.000000] PM: Registered nosave memory: [mem 0xfee01000-0xfffbffff]
[    0.000000] PM: Registered nosave memory: [mem 0xfffc0000-0xffffffff]
[    0.000000] e820: [mem 0xe0000000-0xfebfffff] available for PCI devices
[    0.000000] Booting paravirtualized kernel on KVM
[    0.000000] clocksource: refined-jiffies: mask: 0xffffffff max_cycles: 0xffffffff, max_idle_ns: 7645519600211568 ns
[    0.000000] random: get_random_bytes called from start_kernel+0x99/0x500 with crng_init=0
[    0.000000] setup_percpu: NR_CPUS:8192 nr_cpumask_bits:2 nr_cpu_ids:2 nr_node_ids:1
[    0.000000] percpu: Embedded 45 pages/cpu s147456 r8192 d28672 u1048576
[    0.000000] PV qspinlock hash table entries: 256 (order: 0, 4096 bytes)
[    0.000000] Built 1 zonelists, mobility grouping on.  Total pages: 2040057
[    0.000000] Policy zone: Normal
[    0.000000] Kernel command line: BOOT_IMAGE=/boot/vmlinuz-4.15.0-118-generic root=UUID=7b87abe3-072b-4d04-bc76-6bfa1aa31fd5 ro console=tty1 console=ttyS0
[    0.000000] Memory: 8039248K/8289848K available (12300K kernel code, 2482K rwdata, 4272K rodata, 2436K init, 2724K bss, 250600K reserved, 0K cma-reserved)
[    0.000000] SLUB: HWalign=64, Order=0-3, MinObjects=0, CPUs=2, Nodes=1
[    0.000000] Kernel/User page tables isolation: enabled
[    0.000000] ftrace: allocating 39396 entries in 154 pages
[    0.004000] Hierarchical RCU implementation.
[    0.004000] 	RCU restricting CPUs from NR_CPUS=8192 to nr_cpu_ids=2.
[    0.004000] 	Tasks RCU enabled.
[    0.004000] RCU: Adjusting geometry for rcu_fanout_leaf=16, nr_cpu_ids=2
[    0.004000] NR_IRQS: 524544, nr_irqs: 440, preallocated irqs: 16
[    0.004000] Console: colour VGA+ 80x25
[    0.004000] console [tty1] enabled
[    0.004000] console [ttyS0] enabled
[    0.004000] ACPI: Core revision 20170831
[    0.004000] ACPI: 2 ACPI AML tables successfully acquired and loaded
[    0.004000] APIC: Switch to symmetric I/O mode setup
[    0.004000] x2apic enabled
[    0.004000] Switched APIC routing to physical x2apic.
[    0.004000] ..TIMER: vector=0x30 apic1=0 pin1=2 apic2=-1 pin2=-1
[    0.004000] tsc: Detected 2111.974 MHz processor
[    0.004000] Calibrating delay loop (skipped) preset value.. 4223.94 BogoMIPS (lpj=8447896)
[    0.004005] pid_max: default: 32768 minimum: 301
[    0.004635] Security Framework initialized
[    0.005170] Yama: becoming mindful.
[    0.005659] AppArmor: AppArmor initialized
[    0.009750] Dentry cache hash table entries: 1048576 (order: 11, 8388608 bytes)
[    0.011584] Inode-cache hash table entries: 524288 (order: 10, 4194304 bytes)
[    0.012023] Mount-cache hash table entries: 16384 (order: 5, 131072 bytes)
[    0.012727] Mountpoint-cache hash table entries: 16384 (order: 5, 131072 bytes)
[    0.013718] Last level iTLB entries: 4KB 64, 2MB 8, 4MB 8
[    0.014282] Last level dTLB entries: 4KB 64, 2MB 0, 4MB 0, 1GB 4
[    0.014907] Spectre V1 : Mitigation: usercopy/swapgs barriers and __user pointer sanitization
[    0.016003] Spectre V2 : Mitigation: Full generic retpoline
[    0.016575] Spectre V2 : Spectre v2 / SpectreRSB mitigation: Filling RSB on context switch
[    0.017426] Speculative Store Bypass: Vulnerable
[    0.017947] SRBDS: Unknown: Dependent on hypervisor status
[    0.018514] MDS: Mitigation: Clear CPU buffers
[    0.019134] Freeing SMP alternatives memory: 36K
[    0.129629] smpboot: CPU0: Intel(R) Core(TM) i7-8665U CPU @ 1.90GHz (family: 0x6, model: 0x8e, stepping: 0xc)
[    0.131105] Performance Events: unsupported p6 CPU model 142 no PMU driver, software events only.
[    0.132000] Hierarchical SRCU implementation.
[    0.132000] NMI watchdog: Perf event create on CPU 0 failed with -2
[    0.132002] NMI watchdog: Perf NMI watchdog permanently disabled
[    0.133079] smp: Bringing up secondary CPUs ...
[    0.133631] x86: Booting SMP configuration:
[    0.134141] .... node  #0, CPUs:      #1
[    0.004000] kvm-clock: cpu 1, msr 2:19f51041, secondary cpu clock
[    0.136021] smp: Brought up 1 node, 2 CPUs
[    0.136527] smpboot: Max logical packages: 1
[    0.137025] smpboot: Total of 2 processors activated (8447.89 BogoMIPS)
[    0.140253] devtmpfs: initialized
[    0.140477] x86/mm: Memory block size: 128MB
[    0.141326] evm: security.selinux
[    0.141707] evm: security.SMACK64
[    0.142090] evm: security.SMACK64EXEC
[    0.142490] evm: security.SMACK64TRANSMUTE
[    0.142973] evm: security.SMACK64MMAP
[    0.143412] evm: security.apparmor
[    0.144002] evm: security.ima
[    0.144346] evm: security.capability
[    0.144779] clocksource: jiffies: mask: 0xffffffff max_cycles: 0xffffffff, max_idle_ns: 7645041785100000 ns
[    0.145005] futex hash table entries: 512 (order: 3, 32768 bytes)
[    0.145681] pinctrl core: initialized pinctrl subsystem
[    0.146401] RTC time: 17:04:28, date: 10/04/20
[    0.148146] NET: Registered protocol family 16
[    0.148917] audit: initializing netlink subsys (disabled)
[    0.149617] audit: type=2000 audit(1601831073.111:1): state=initialized audit_enabled=0 res=1
[    0.149617] cpuidle: using governor ladder
[    0.149617] cpuidle: using governor menu
[    0.149617] ACPI: bus type PCI registered
[    0.152007] acpiphp: ACPI Hot Plug PCI Controller Driver version: 0.5
[    0.152727] PCI: Using configuration type 1 for base access
[    0.153326] HugeTLB registered 2.00 MiB page size, pre-allocated 0 pages
[    0.153326] ACPI: Added _OSI(Module Device)
[    0.156003] ACPI: Added _OSI(Processor Device)
[    0.156475] ACPI: Added _OSI(3.0 _SCP Extensions)
[    0.156982] ACPI: Added _OSI(Processor Aggregator Device)
[    0.157536] ACPI: Added _OSI(Linux-Dell-Video)
[    0.158054] ACPI: Added _OSI(Linux-Lenovo-NV-HDMI-Audio)
[    0.158611] ACPI: Added _OSI(Linux-HPI-Hybrid-Graphics)
[    0.159400] ACPI: Executed 1 blocks of module-level executable AML code
[    0.162300] ACPI: Interpreter enabled
[    0.162769] ACPI: (supports S0 S5)
[    0.163174] ACPI: Using IOAPIC for interrupt routing
[    0.163891] PCI: Using host bridge windows from ACPI; if necessary, use "pci=nocrs" and report a bug
[    0.164107] ACPI: Enabled 2 GPEs in block 00 to 07
[    0.169928] ACPI: PCI Root Bridge [PCI0] (domain 0000 [bus 00-ff])
[    0.171939] acpi PNP0A03:00: _OSC: OS supports [ASPM ClockPM Segments MSI]
[    0.172274] acpi PNP0A03:00: _OSC: not requesting OS control; OS requires [ExtendedConfig ASPM ClockPM MSI]
[    0.173286] acpi PNP0A03:00: fail to add MMCONFIG information, can't access extended PCI configuration space under this bridge.
[    0.176271] PCI host bridge to bus 0000:00
[    0.176727] pci_bus 0000:00: root bus resource [io  0x0000-0x0cf7 window]
[    0.177415] pci_bus 0000:00: root bus resource [io  0x0d00-0xffff window]
[    0.178101] pci_bus 0000:00: root bus resource [mem 0x000a0000-0x000bffff window]
[    0.178906] pci_bus 0000:00: root bus resource [mem 0xe0000000-0xfdffffff window]
[    0.180002] pci_bus 0000:00: root bus resource [bus 00-ff]
[    0.181756] pci 0000:00:01.1: legacy IDE quirk: reg 0x10: [io  0x01f0-0x01f7]
[    0.182474] pci 0000:00:01.1: legacy IDE quirk: reg 0x14: [io  0x03f6]
[    0.183269] pci 0000:00:01.1: legacy IDE quirk: reg 0x18: [io  0x0170-0x0177]
[    0.184002] pci 0000:00:01.1: legacy IDE quirk: reg 0x1c: [io  0x0376]
[    0.277505] pci 0000:00:07.0: quirk: [io  0x4000-0x403f] claimed by PIIX4 ACPI
[    0.278436] pci 0000:00:07.0: quirk: [io  0x4100-0x410f] claimed by PIIX4 SMB
[    0.341376] ACPI: PCI Interrupt Link [LNKA] (IRQs 5 9 10 *11)
[    0.344271] ACPI: PCI Interrupt Link [LNKB] (IRQs 5 9 *10 11)
[    0.345088] ACPI: PCI Interrupt Link [LNKC] (IRQs 5 *9 10 11)
[    0.345839] ACPI: PCI Interrupt Link [LNKD] (IRQs 5 9 10 *11)
[    0.346735] SCSI subsystem initialized
[    0.347187] pci 0000:00:02.0: vgaarb: setting as boot VGA device
[    0.347187] pci 0000:00:02.0: vgaarb: VGA device added: decodes=io+mem,owns=io+mem,locks=none
[    0.348009] pci 0000:00:02.0: vgaarb: bridge control possible
[    0.348604] vgaarb: loaded
[    0.348942] ACPI: bus type USB registered
[    0.349480] usbcore: registered new interface driver usbfs
[    0.350056] usbcore: registered new interface driver hub
[    0.350657] usbcore: registered new device driver usb
[    0.352050] EDAC MC: Ver: 3.0.0
[    0.352534] PCI: Using ACPI for IRQ routing
[    0.352732] NetLabel: Initializing
[    0.353135] NetLabel:  domain hash size = 128
[    0.353641] NetLabel:  protocols = UNLABELED CIPSOv4 CALIPSO
[    0.354232] NetLabel:  unlabeled traffic allowed by default
[    0.356071] clocksource: Switched to clocksource kvm-clock
[    0.364440] VFS: Disk quotas dquot_6.6.0
[    0.366416] VFS: Dquot-cache hash table entries: 512 (order 0, 4096 bytes)
[    0.367363] AppArmor: AppArmor Filesystem Enabled
[    0.368072] pnp: PnP ACPI init
[    0.369470] pnp: PnP ACPI: found 3 devices
[    0.377233] clocksource: acpi_pm: mask: 0xffffff max_cycles: 0xffffff, max_idle_ns: 2085701024 ns
[    0.378183] NET: Registered protocol family 2
[    0.378777] TCP established hash table entries: 65536 (order: 7, 524288 bytes)
[    0.379675] TCP bind hash table entries: 65536 (order: 8, 1048576 bytes)
[    0.380927] TCP: Hash tables configured (established 65536 bind 65536)
[    0.381622] UDP hash table entries: 4096 (order: 5, 131072 bytes)
[    0.382271] UDP-Lite hash table entries: 4096 (order: 5, 131072 bytes)
[    0.382972] NET: Registered protocol family 1
[    0.383458] pci 0000:00:00.0: Limiting direct PCI/PCI transfers
[    0.384092] pci 0000:00:01.0: Activating ISA DMA hang workarounds
[    0.384738] pci 0000:00:02.0: Video device with shadowed ROM at [mem 0x000c0000-0x000dffff]
[    0.385679] Unpacking initramfs...
[    0.635156] Freeing initrd memory: 24076K
[    0.641126] PCI-DMA: Using software bounce buffering for IO (SWIOTLB)
[    0.641830] software IO TLB: mapped [mem 0xdbff0000-0xdfff0000] (64MB)
[    0.642531] clocksource: tsc: mask: 0xffffffffffffffff max_cycles: 0x1e715fee9a8, max_idle_ns: 440795207743 ns
[    0.643589] platform rtc_cmos: registered platform RTC device (no PNP device found)
[    0.644475] Scanning for low memory corruption every 60 seconds
[    0.646016] Initialise system trusted keyrings
[    0.646638] Key type blacklist registered
[    0.647324] workingset: timestamp_bits=36 max_order=21 bucket_order=0
[    0.649478] zbud: loaded
[    0.650621] squashfs: version 4.0 (2009/01/31) Phillip Lougher
[    0.651416] fuse init (API version 7.26)
[    0.653281] Key type asymmetric registered
[    0.653830] Asymmetric key parser 'x509' registered
[    0.654384] Block layer SCSI generic (bsg) driver version 0.4 loaded (major 246)
[    0.655193] io scheduler noop registered
[    0.655621] io scheduler deadline registered
[    0.656117] io scheduler cfq registered (default)
[    0.656823] ACPI: AC Adapter [AC] (on-line)
[    0.657319] input: Power Button as /devices/LNXSYSTM:00/LNXPWRBN:00/input/input0
[    0.658118] ACPI: Power Button [PWRF]
[    0.658566] input: Sleep Button as /devices/LNXSYSTM:00/LNXSLPBN:00/input/input1
[    0.659341] ACPI: Sleep Button [SLPF]
[    0.660370] ACPI: Battery Slot [BAT0] (battery present)
[    0.661076] Serial: 8250/16550 driver, 32 ports, IRQ sharing enabled
[    0.682183] 00:02: ttyS0 at I/O 0x3f8 (irq = 4, base_baud = 115200) is a 16550A
[    0.685014] Linux agpgart interface v0.103
[    0.687665] loop: module loaded
[    0.689076] scsi host0: ata_piix
[    0.689619] scsi host1: ata_piix
[    0.690084] ata1: PATA max UDMA/33 cmd 0x1f0 ctl 0x3f6 bmdma 0xd000 irq 14
[    0.690932] ata2: PATA max UDMA/33 cmd 0x170 ctl 0x376 bmdma 0xd008 irq 15
[    0.691861] libphy: Fixed MDIO Bus: probed
[    0.692514] tun: Universal TUN/TAP device driver, 1.6
[    0.693291] PPP generic driver version 2.4.2
[    0.693811] ehci_hcd: USB 2.0 'Enhanced' Host Controller (EHCI) Driver
[    0.694475] ehci-pci: EHCI PCI platform driver
[    0.694970] ehci-platform: EHCI generic platform driver
[    0.695532] ohci_hcd: USB 1.1 'Open' Host Controller (OHCI) Driver
[    0.696228] ohci-pci: OHCI PCI platform driver
[    0.696756] ohci-platform: OHCI generic platform driver
[    0.697301] uhci_hcd: USB Universal Host Controller Interface driver
[    0.698015] i8042: PNP: PS/2 Controller [PNP0303:PS2K,PNP0f03:PS2M] at 0x60,0x64 irq 1,12
[    0.699229] serio: i8042 KBD port at 0x60,0x64 irq 1
[    0.699774] serio: i8042 AUX port at 0x60,0x64 irq 12
[    0.700410] mousedev: PS/2 mouse device common for all mice
[    0.701357] input: AT Translated Set 2 keyboard as /devices/platform/i8042/serio0/input/input2
[    0.702398] rtc_cmos rtc_cmos: rtc core: registered rtc_cmos as rtc0
[    0.703114] rtc_cmos rtc_cmos: alarms up to one day, 114 bytes nvram
[    0.703827] i2c /dev entries driver
[    0.704463] device-mapper: uevent: version 1.0.3
[    0.705096] device-mapper: ioctl: 4.37.0-ioctl (2017-09-20) initialised: dm-devel@redhat.com
[    0.706009] ledtrig-cpu: registered to indicate activity on CPUs
[    0.706927] NET: Registered protocol family 10
[    0.710506] Segment Routing with IPv6
[    0.710955] NET: Registered protocol family 17
[    0.711528] Key type dns_resolver registered
[    0.712301] mce: Using 0 MCE banks
[    0.712728] RAS: Correctable Errors collector initialized.
[    0.713295] sched_clock: Marking stable (712275976, 0)->(900227688, -187951712)
[    0.714512] registered taskstats version 1
[    0.714959] Loading compiled-in X.509 certificates
[    0.717291] Loaded X.509 cert 'Build time autogenerated kernel key: 12f2d460e247d21dc5d156478bb7d4abc0f5a070'
[    0.718337] zswap: loaded using pool lzo/zbud
[    0.722218] Key type big_key registered
[    0.722674] Key type trusted registered
[    0.724289] Key type encrypted registered
[    0.724735] AppArmor: AppArmor sha1 policy hashing enabled
[    0.725298] ima: No TPM chip found, activating TPM-bypass! (rc=-19)
[    0.725927] ima: Allocated hash algorithm: sha1
[    0.726423] evm: HMAC attrs: 0x1
[    0.726950]   Magic number: 8:640:86
[    0.727414] rtc_cmos rtc_cmos: setting system clock to 2020-10-04 17:04:29 UTC (1601831069)
[    0.728555] BIOS EDD facility v0.16 2004-Jun-25, 0 devices found
[    0.729203] EDD information not available.
[    0.885748] Freeing unused kernel image memory: 2436K
[    1.124094] Write protecting the kernel read-only data: 20480k
[    1.125676] Freeing unused kernel image memory: 2008K
[    1.126729] Freeing unused kernel image memory: 1872K
[    1.134310] x86/mm: Checked W+X mappings: passed, no W+X pages found.
[    1.135111] x86/mm: Checking user space page tables
[    1.143303] x86/mm: Checked W+X mappings: passed, no W+X pages found.
Loading, please wait...
starting version 237
[    1.194598] e1000: Intel(R) PRO/1000 Network Driver - version 7.3.21-k8-NAPI
[    1.195406] e1000: Copyright (c) 1999-2006 Intel Corporation.
[    1.201373] Fusion MPT base driver 3.04.20
[    1.201828] Copyright (c) 1999-2008 LSI Corporation
[    1.223762] Fusion MPT SPI Host driver 3.04.20
[    1.225951] AVX2 version of gcm_enc/dec engaged.
[    1.226460] AES CTR mode by8 optimization enabled
[    1.425630] input: ImExPS/2 Generic Explorer Mouse as /devices/platform/i8042/serio1/input/input4
[    1.559178] e1000 0000:00:03.0 eth0: (PCI:33MHz:32-bit) 02:cf:14:98:e9:22
[    1.560044] e1000 0000:00:03.0 eth0: Intel(R) PRO/1000 Network Connection
[    1.926746] e1000 0000:00:08.0 eth1: (PCI:33MHz:32-bit) 08:00:27:41:ac:a4
[    1.927907] e1000 0000:00:08.0 eth1: Intel(R) PRO/1000 Network Connection
[    1.930059] e1000 0000:00:03.0 enp0s3: renamed from eth0
[    1.932093] mptbase: ioc0: Initiating bringup
[    1.944172] e1000 0000:00:08.0 enp0s8: renamed from eth1
[    2.033099] ioc0: LSI53C1030 A0: Capabilities={Initiator}
[    2.277685] scsi host2: ioc0: LSI53C1030 A0, FwRev=00000000h, Ports=1, MaxQ=256, IRQ=20
[    2.446309] scsi 2:0:0:0: Direct-Access     VBOX     HARDDISK         1.0  PQ: 0 ANSI: 5
[    2.644286] scsi target2:0:0: Beginning Domain Validation
[    2.650097] scsi target2:0:0: Domain Validation skipping write tests
[    2.651534] scsi target2:0:0: Ending Domain Validation
[    2.652752] scsi target2:0:0: asynchronous
[    2.654184] scsi 2:0:1:0: Direct-Access     VBOX     HARDDISK         1.0  PQ: 0 ANSI: 5
[    3.560089] scsi target2:0:1: Beginning Domain Validation
[    3.566376] random: fast init done
[    3.567827] scsi target2:0:1: Domain Validation skipping write tests
[    3.568930] scsi target2:0:1: Ending Domain Validation
[    3.569968] scsi target2:0:1: asynchronous
[    3.574963] sd 2:0:0:0: Attached scsi generic sg0 type 0
[    3.575268] random: systemd-udevd: uninitialized urandom read (16 bytes read)
[    3.576240] sd 2:0:1:0: Attached scsi generic sg1 type 0
[    3.577688] random: systemd-udevd: uninitialized urandom read (16 bytes read)
[    3.580256] random: systemd-udevd: uninitialized urandom read (16 bytes read)
[    3.581963] sd 2:0:0:0: [sda] 20971520 512-byte logical blocks: (10.7 GB/10.0 GiB)
[    3.583788] sd 2:0:1:0: [sdb] 20480 512-byte logical blocks: (10.5 MB/10.0 MiB)
[    3.585464] sd 2:0:0:0: [sda] Write Protect is off
[    3.586597] sd 2:0:1:0: [sdb] Write Protect is off
[    3.587890] sd 2:0:0:0: [sda] Incomplete mode parameter data
[    3.589174] sd 2:0:0:0: [sda] Assuming drive cache: write through
[    3.589639] sd 2:0:1:0: [sdb] Incomplete mode parameter data
[    3.591630] sd 2:0:1:0: [sdb] Assuming drive cache: write through
[    3.594303]  sda: sda1
[    3.597066] sd 2:0:1:0: [sdb] Attached SCSI disk
[    3.597094] sd 2:0:0:0: [sda] Attached SCSI disk
Begin: Loading essential drivers ... [    4.980025] raid6: sse2x1   gen() 14504 MB/s
[    5.028011] raid6: sse2x1   xor()  8676 MB/s
[    5.076007] raid6: sse2x2   gen() 17612 MB/s
[    5.124009] raid6: sse2x2   xor() 11633 MB/s
[    5.172007] raid6: sse2x4   gen() 19016 MB/s
[    5.220009] raid6: sse2x4   xor() 11216 MB/s
[    5.268015] raid6: avx2x1   gen() 27924 MB/s
[    5.316035] raid6: avx2x1   xor() 16729 MB/s
[    5.364043] raid6: avx2x2   gen() 31757 MB/s
[    5.412040] raid6: avx2x2   xor() 21720 MB/s
[    5.460054] raid6: avx2x4   gen() 35972 MB/s
[    5.508045] raid6: avx2x4   xor() 21209 MB/s
[    5.508574] raid6: using algorithm avx2x4 gen() 35972 MB/s
[    5.509145] raid6: .... xor() 21209 MB/s, rmw enabled
[    5.509675] raid6: using avx2x2 recovery algorithm
[    5.511191] xor: automatically using best checksumming function   avx       
[    5.512884] async_tx: api initialized (async)
done.
Begin: Running /scripts/init-premount ... done.
Begin: Mounting root file system ... Begin: Running /scripts/local-top ... done.
Begin: Running /scripts/local-premount ... [    5.552132] Btrfs loaded, crc32c=crc32c-intel
Scanning for Btrfs filesystems
done.
Warning: fsck not present, so skipping root file system
[    5.575339] EXT4-fs (sda1): mounted filesystem with ordered data mode. Opts: (null)
done.
Begin: Running /scripts/local-bottom ... done.
Begin: Running /scripts/init-bottom ... done.
[    5.935030] ip_tables: (C) 2000-2006 Netfilter Core Team
[    5.953301] systemd[1]: systemd 237 running in system mode. (+PAM +AUDIT +SELINUX +IMA +APPARMOR +SMACK +SYSVINIT +UTMP +LIBCRYPTSETUP +GCRYPT +GNUTLS +ACL +XZ +LZ4 +SECCOMP +BLKID +ELFUTILS +KMOD -IDN2 +IDN -PCRE2 default-hierarchy=hybrid)
[    5.957485] systemd[1]: Detected virtualization oracle.
[    5.958527] systemd[1]: Detected architecture x86-64.

Welcome to [1mUbuntu 18.04.5 LTS[0m!

[    5.966892] systemd[1]: Set hostname to <ubuntu-bionic>.
[    6.526222] systemd[1]: Created slice System Slice.
[[0;32m  OK  [0m] Created slice System Slice.
[    6.529345] systemd[1]: Listening on Syslog Socket.
[[0;32m  OK  [0m] Listening on Syslog Socket.
[    6.532080] systemd[1]: Listening on Network Service Netlink Socket.
[[0;32m  OK  [0m] Listening on Network Service Netlink Socket.
[    6.535644] systemd[1]: Listening on Journal Socket.
[[0;32m  OK  [0m] Listening on Journal Socket.
[    6.540128] systemd[1]: Mounting Huge Pages File System...
         Mounting Huge Pages File System...
[    6.543742] systemd[1]: Mounting Kernel Debug File System...
         Mounting Kernel Debug File System...
[[0;32m  OK  [0m] Reached target Swap.
         Starting Load Kernel Modules...
[[0;32m  OK  [0m] Listening on LVM2 poll daemon socket.
[[0;32m  OK  [0m] Listening on udev Kernel Socket.
[[0;32m  OK  [0m] Reached target User and Group Name Lookups.
         Starting Set the console keyboard layout...
         Starting Create list of required st…ce nodes for the current kernel...
[[0;32m  OK  [0m] Set up automount Arbitrary Executab…rmats File System Automount Point.
         Starting Uncomplicated firewall...
[[0;32m  OK  [0m] Started Forward Password Requests to Wall Directory Watch.
[[0;32m  OK  [0m] Listening on Device-mapper event daemon FIFOs.
         Starting Remount Root and Kernel File Systems...
[[0;32m  OK  [0m] Created slice system-serial\x2dgetty.slice.
[[0;32m  OK  [0m] Listening on Journal Audit Socket.
[[0;32m  OK  [0m] Reached target System Time Synchronized.
[[0;32m  OK  [0m] Listening on LVM2 metadata daemon socket.
         Starting Monitoring of LVM2 mirrors…ng dmeventd or progress polling...
[[0;32m  OK  [0m] Listening on /dev/initctl Compatibility Named Pipe.
[[0;32m  OK  [0m] Created slice User and Session Slice.
[[0;32m  OK  [0m] Reached target Slices.
         Mounting POSIX Message Queue File System...
[[0;32m  OK  [0m] Listening on Journal Socket (/dev/log).
         Starting Journal Service...
[[0;32m  OK  [0m] Listening on udev Control Socket.
         Starting udev Coldplug all Devices...
[[0;32m  OK  [0m] Mounted Huge Pages File System.
[[0;32m  OK  [0m] Mounted Kernel Debug File System.
[[0;32m  OK  [0m] Started Create list of required sta…vice nodes for the current kernel.
[[0;32m  OK  [0m] Started Uncomplicated firewall.
[[0;32m  OK  [0m] Mounted POSIX Message Queue File System.
         Starting Create Static Device Nodes in /dev...
[    6.619134] EXT4-fs (sda1): re-mounted. Opts: (null)
[[0;32m  OK  [0m] Started Remount Root and Kernel File Systems.
         Starting Load/Save Random Seed...
[[0;32m  OK  [0m] Started Create Static Device Nodes in /dev.
[[0;32m  OK  [0m] Started udev Coldplug all Devices.
         Starting udev Kernel Device Manager...
[[0;32m  OK  [0m] Started Journal Service.
[    6.691777] lp: driver loaded but no devices found
         Starting Flush Journal to Persistent Storage...
[[0;32m  OK  [0m] Started LVM2 metadata daemon.
[[0;32m  OK  [0m] Started Load/Save Random Seed.
[    6.744244] ppdev: user-space parallel port driver
[    6.752326] Loading iSCSI transport class v2.0-870.
[    6.758646] iscsi: registered transport (tcp)
[    6.777177] iscsi: registered transport (iser)
[[0;32m  OK  [0m] Started Load Kernel Modules.
         Mounting FUSE Control File System...
         Mounting Kernel Configuration File System...
         Starting Apply Kernel Variables...
[[0;32m  OK  [0m] Mounted FUSE Control File System.
[[0;32m  OK  [0m] Mounted Kernel Configuration File System.
[    6.788249] systemd-journald[414]: Received request to flush runtime journal from PID 1
[[0;32m  OK  [0m] Started Apply Kernel Variables.
[[0;32m  OK  [0m] Started udev Kernel Device Manager.
[[0;32m  OK  [0m] Started Monitoring of LVM2 mirrors,…sing dmeventd or progress polling.
[[0;32m  OK  [0m] Started Flush Journal to Persistent Storage.
[[0;32m  OK  [0m] Found device /dev/ttyS0.
[[0;32m  OK  [0m] Listening on Load/Save RF Kill Switch Status /dev/rfkill Watch.
[[0;32m  OK  [0m] Started Set the console keyboard layout.
[[0;32m  OK  [0m] Reached target Local File Systems (Pre).
[[0;32m  OK  [0m] Reached target Local File Systems.
         Starting ebtables ruleset management...
         Starting Set console font and keymap...
         Starting AppArmor initialization...
         Starting Tell Plymouth To Write Out Runtime Data...
         Starting Create Volatile Files and Directories...
[[0;32m  OK  [0m] Started Dispatch Password Requests to Console Directory Watch.
[[0;32m  OK  [0m] Reached target Local Encrypted Volumes.
[[0;32m  OK  [0m] Started Tell Plymouth To Write Out Runtime Data.
[[0;32m  OK  [0m] Started Set console font and keymap.
[[0;32m  OK  [0m] Started Create Volatile Files and Directories.
         Starting Update UTMP about System Boot/Shutdown...
[[0;32m  OK  [0m] Started Update UTMP about System Boot/Shutdown.
[[0;32m  OK  [0m] Started ebtables ruleset management.
[[0;32m  OK  [0m] Started AppArmor initialization.
         Starting Load AppArmor profiles managed internally by snapd...
         Starting Initial cloud-init job (pre-networking)...
[[0;32m  OK  [0m] Started Load AppArmor profiles managed internally by snapd.
[    9.282001] cloud-init[727]: Cloud-init v. 20.3-2-g371b392c-0ubuntu1~18.04.1 running 'init-local' at Sun, 04 Oct 2020 17:04:37 +0000. Up 9.12 seconds.
[[0;32m  OK  [0m] Started Initial cloud-init job (pre-networking).
[[0;32m  OK  [0m] Reached target Network (Pre).
         Starting Network Service...
[[0;32m  OK  [0m] Started Network Service.
         Starting Network Name Resolution...
         Starting Wait for Network to be Configured...
[[0;32m  OK  [0m] Started Network Name Resolution.
[[0;32m  OK  [0m] Reached target Host and Network Name Lookups.
[[0;32m  OK  [0m] Started Wait for Network to be Configured.
         Starting Initial cloud-init job (metadata service crawler)...
[   11.864864] cloud-init[846]: Cloud-init v. 20.3-2-g371b392c-0ubuntu1~18.04.1 running 'init' at Sun, 04 Oct 2020 17:04:40 +0000. Up 11.77 seconds.
[   11.867414] cloud-init[846]: ci-info: ++++++++++++++++++++++++++++++++++++++Net device info+++++++++++++++++++++++++++++++++++++++
[   11.868594] cloud-init[846]: ci-info: +--------+------+-----------------------------+---------------+--------+-------------------+
[   11.869677] cloud-init[846]: ci-info: | Device |  Up  |           Address           |      Mask     | Scope  |     Hw-Address    |
[   11.870914] cloud-init[846]: ci-info: +--------+------+-----------------------------+---------------+--------+-------------------+
[   11.871932] cloud-init[846]: ci-info: | enp0s3 | True |          10.0.2.15          | 255.255.255.0 | global | 02:cf:14:98:e9:22 |
[   11.872973] cloud-init[846]: ci-info: | enp0s3 | True |  fe80::cf:14ff:fe98:e922/64 |       .       |  link  | 02:cf:14:98:e9:22 |
[   11.875176] cloud-init[846]: ci-info: | enp0s8 | True |         192.168.0.45        | 255.255.255.0 | global | 08:00:27:41:ac:a4 |
[   11.876204] cloud-init[846]: ci-info: | enp0s8 | True | fe80::a00:27ff:fe41:aca4/64 |       .       |  link  | 08:00:27:41:ac:a4 |
[   11.877205] cloud-init[846]: ci-info: |   lo   | True |          127.0.0.1          |   255.0.0.0   |  host  |         .         |
[   11.878177] cloud-init[846]: ci-info: |   lo   | True |           ::1/128           |       .       |  host  |         .         |
[   11.879142] cloud-init[846]: ci-info: +--------+------+-----------------------------+---------------+--------+-------------------+
[   11.880116] cloud-init[846]: ci-info: ++++++++++++++++++++++++++++Route IPv4 info+++++++++++++++++++++++++++++
[   11.881173] cloud-init[846]: ci-info: +-------+-------------+----------+-----------------+-----------+-------+
[   11.883232] cloud-init[846]: ci-info: | Route | Destination | Gateway  |     Genmask     | Interface | Flags |
[   11.884496] cloud-init[846]: ci-info: +-------+-------------+----------+-----------------+-----------+-------+
[   11.885620] cloud-init[846]: ci-info: |   0   |   0.0.0.0   | 10.0.2.2 |     0.0.0.0     |   enp0s3  |   UG  |
[   11.886776] cloud-init[846]: ci-info: |   1   |   10.0.2.0  | 0.0.0.0  |  255.255.255.0  |   enp0s3  |   U   |
[   11.887573] cloud-init[846]: ci-info: |   2   |   10.0.2.2  | 0.0.0.0  | 255.255.255.255 |   enp0s3  |   UH  |
[   11.888499] cloud-init[846]: ci-info: |   3   | 192.168.0.0 | 0.0.0.0  |  255.255.255.0  |   enp0s8  |   U   |
[   11.889320] cloud-init[846]: ci-info: +-------+-------------+----------+-----------------+-----------+-------+
[   11.890141] cloud-init[846]: ci-info: +++++++++++++++++++Route IPv6 info+++++++++++++++++++
[   11.890882] cloud-init[846]: ci-info: +-------+-------------+---------+-----------+-------+
[   11.891591] cloud-init[846]: ci-info: | Route | Destination | Gateway | Interface | Flags |
[   11.892330] cloud-init[846]: ci-info: +-------+-------------+---------+-----------+-------+
[   11.893149] cloud-init[846]: ci-info: |   1   |  fe80::/64  |    ::   |   enp0s3  |   U   |
[   11.893936] cloud-init[846]: ci-info: |   2   |  fe80::/64  |    ::   |   enp0s8  |   U   |
[   11.894676] cloud-init[846]: ci-info: |   4   |    local    |    ::   |   enp0s3  |   U   |
[   11.895391] cloud-init[846]: ci-info: |   5   |    local    |    ::   |   enp0s8  |   U   |
[   11.896151] cloud-init[846]: ci-info: |   6   |   ff00::/8  |    ::   |   enp0s3  |   U   |
[   11.896874] cloud-init[846]: ci-info: |   7   |   ff00::/8  |    ::   |   enp0s8  |   U   |
[   11.897566] cloud-init[846]: ci-info: +-------+-------------+---------+-----------+-------+
[[0;32m  OK  [0m] Started Initial cloud-init job (metadata service crawler).
[[0;32m  OK  [0m] Reached target System Initialization.
[[0;32m  OK  [0m] Started Daily apt download activities.
[[0;32m  OK  [0m] Started Daily apt upgrade and clean activities.
[[0;32m  OK  [0m] Started Message of the Day.
[[0;32m  OK  [0m] Started Daily Cleanup of Temporary Directories.
[[0;32m  OK  [0m] Listening on CUPS Scheduler.
[[0;32m  OK  [0m] Listening on ACPID Listen Socket.
[[0;32m  OK  [0m] Started ACPI Events Check.
         Starting LXD - unix socket.
[[0;32m  OK  [0m] Listening on Avahi mDNS/DNS-SD Stack Activation Socket.
[[0;32m  OK  [0m] Started Discard unused blocks once a week.
[[0;32m  OK  [0m] Listening on Open-iSCSI iscsid Socket.
[[0;32m  OK  [0m] Listening on D-Bus System Message Bus Socket.
[[0;32m  OK  [0m] Started CUPS Scheduler.
[[0;32m  OK  [0m] Reached target Paths.
         Starting Socket activation for snappy daemon.
[[0;32m  OK  [0m] Listening on UUID daemon activation socket.
[[0;32m  OK  [0m] Started Trigger anacron every hour.
[[0;32m  OK  [0m] Reached target Timers.
[[0;32m  OK  [0m] Reached target Cloud-config availability.
[[0;32m  OK  [0m] Listening on LXD - unix socket.
[[0;32m  OK  [0m] Listening on Socket activation for snappy daemon.
[[0;32m  OK  [0m] Reached target Sockets.
[[0;32m  OK  [0m] Reached target Basic System.
[[0;32m  OK  [0m] Started FUSE filesystem for LXC.
         Starting Modem Manager...
         Starting Virtualbox guest utils...
         Starting Restore /etc/resolv.conf i…fore the ppp link was shut down...
[[0;32m  OK  [0m] Started irqbalance daemon.
[[0;32m  OK  [0m] Started ACPI event daemon.
[[0;32m  OK  [0m] Started CUPS Scheduler.
         Starting Initialize hardware monitoring sensors...
         Starting Login Service...
[[0;32m  OK  [0m] Started Regular background program processing daemon.
         Starting Detect the available GPUs and deal with any system changes...
         Starting Avahi mDNS/DNS-SD Stack...
[[0;32m  OK  [0m] Started D-Bus System Message Bus.
         Starting Network Manager...
         Starting Dispatcher daemon for systemd-networkd...
         Starting Snap Daemon...
         Starting Disk Manager...
         Starting WPA supplicant...
         Starting LSB: Record successful boot for GRUB...
[[0;32m  OK  [0m] Started Deferred execution scheduler.
[[0;32m  OK  [0m] Started Run anacron jobs.
         Starting System Logging Service...
         Starting Accounts Service...
         Starting LXD - container startup/shutdown...
[[0;32m  OK  [0m] Started Restore /etc/resolv.conf if…before the ppp link was shut down.
[[0;32m  OK  [0m] Started Detect the available GPUs and deal with any system changes.
[[0;32m  OK  [0m] Started Initialize hardware monitoring sensors.
[[0;32m  OK  [0m] Started Login Service.
[[0;32m  OK  [0m] Started Avahi mDNS/DNS-SD Stack.
[[0;32m  OK  [0m] Started System Logging Service.
         Starting Authorization Manager...
[[0;32m  OK  [0m] Started Make remote CUPS printers available locally.
[[0;32m  OK  [0m] Started WPA supplicant.
[[0;32m  OK  [0m] Started Authorization Manager.
[[0;32m  OK  [0m] Started Accounts Service.
[[0;32m  OK  [0m] Started LSB: Record successful boot for GRUB.
[[0;32m  OK  [0m] Started Disk Manager.
[[0;32m  OK  [0m] Started Virtualbox guest utils.
[[0;32m  OK  [0m] Started Modem Manager.
[[0;32m  OK  [0m] Started LXD - container startup/shutdown.
         Starting Hostname Service...
[[0;32m  OK  [0m] Started Dispatcher daemon for systemd-networkd.
[[0;32m  OK  [0m] Started Hostname Service.
[[0;32m  OK  [0m] Started Network Manager.
         Starting Network Manager Script Dispatcher Service...
[[0;32m  OK  [0m] Reached target Network.
[[0;32m  OK  [0m] Started Unattended Upgrades Shutdown.
         Starting Network Manager Wait Online...
[[0;32m  OK  [0m] Started Network Manager Script Dispatcher Service.
[[0;32m  OK  [0m] Started Snap Daemon.
         Starting Wait until snapd is fully seeded...
[[0;32m  OK  [0m] Started Wait until snapd is fully seeded.
[[0;32m  OK  [0m] Started Network Manager Wait Online.
[[0;32m  OK  [0m] Reached target Network is Online.
         Starting Apply the settings specified in cloud-config...
[[0;32m  OK  [0m] Started crash report submission daemon.
         Starting Availability of block devices...
[[0;32m  OK  [0m] Reached target Remote File Systems (Pre).
[[0;32m  OK  [0m] Reached target Remote File Systems.
         Starting LSB: Speech Dispatcher...
         Starting Tool to automatically coll… submit kernel crash signatures...
         Starting LSB: Start OSS...
         Starting LSB: disk temperature monitoring daemon...
         Starting LSB: automatic crash report generation...
         Starting Permit User Sessions...
         Starting OpenBSD Secure Shell server...
[[0;32m  OK  [0m] Started Availability of block devices.
[[0;32m  OK  [0m] Started Permit User Sessions.
         Starting Hold until boot process finishes up...
         Starting Light Display Manager...
[[0;32m  OK  [0m] Started Hold until boot process finishes up.
[[0;32m  OK  [0m] Started Serial Getty on ttyS0.
         Starting Set console scheme...
[[0;32m  OK  [0m] Started OpenBSD Secure Shell server.
[[0;32m  OK  [0m] Started Tool to automatically colle…nd submit kernel crash signatures.
[[0;32m  OK  [0m] Started LSB: Speech Dispatcher.
[[0;32m  OK  [0m] Started Set console scheme.
[[0;32m  OK  [0m] Created slice system-getty.slice.
[[0;32m  OK  [0m] Started Getty on tty1.
[[0;32m  OK  [0m] Reached target Login Prompts.
[[0;32m  OK  [0m] Started LSB: disk temperature monitoring daemon.
[[0;32m  OK  [0m] Created slice User Slice of vagrant.
[[0;32m  OK  [0m] Started LSB: automatic crash report generation.
         Starting User Manager for UID 1000...
[[0;32m  OK  [0m] Started Session 1 of user vagrant.
[[0;32m  OK  [0m] Started Light Display Manager.
[   14.082273] cloud-init[1412]: Cloud-init v. 20.3-2-g371b392c-0ubuntu1~18.04.1 running 'modules:config' at Sun, 04 Oct 2020 17:04:42 +0000. Up 13.99 seconds.
[[0;32m  OK  [0m] Started Apply the settings specified in cloud-config.
[[0;32m  OK  [0m] Started User Manager for UID 1000.
[[0;32m  OK  [0m] Created slice User Slice of lightdm.
         Starting User Manager for UID 119...
[[0;32m  OK  [0m] Started Session c1 of user lightdm.
[[0;32m  OK  [0m] Started User Manager for UID 119.
[[0;32m  OK  [0m] Started LSB: Start OSS.
[[0;32m  OK  [0m] Reached target Multi-User System.
         Starting Execute cloud user/final scripts...
[[0;32m  OK  [0m] Reached target Graphical Interface.
         Starting Update UTMP about System Runlevel Changes...
[[0;32m  OK  [0m] Started Update UTMP about System Runlevel Changes.
[   17.495827] cloud-init[1775]: Cloud-init v. 20.3-2-g371b392c-0ubuntu1~18.04.1 running 'modules:final' at Sun, 04 Oct 2020 17:04:46 +0000. Up 17.38 seconds.
[   17.497150] cloud-init[1775]: Cloud-init v. 20.3-2-g371b392c-0ubuntu1~18.04.1 finished at Sun, 04 Oct 2020 17:04:46 +0000. Datasource DataSourceNoCloud [seed=/dev/sdb][dsmode=net].  Up 17.49 seconds
[[0;32m  OK  [0m] Started Execute cloud user/final scripts.
[[0;32m  OK  [0m] Reached target Cloud-init target.

Ubuntu 18.04.5 LTS ubuntu-bionic ttyS0

ubuntu-bionic login:          Stopping User Manager for UID 1000...
         Stopping ACPI event daemon...
[[0;32m  OK  [0m] Stopped target Timers.
[[0;32m  OK  [0m] Closed Load/Save RF Kill Switch Status /dev/rfkill Watch.
[[0;32m  OK  [0m] Stopped target Cloud-init target.
         Stopping Availability of block devices...
[[0;32m  OK  [0m] Stopped Trigger anacron every hour.
[[0;32m  OK  [0m] Stopped Discard unused blocks once a week.
         Stopping Daemon for power management...
         Stopping Session c2 of user vagrant.
[[0;32m  OK  [0m] Stopped Daily apt upgrade and clean activities.
[[0;32m  OK  [0m] Stopped Daily apt download activities.
[[0;32m  OK  [0m] Stopped target Graphical Interface.
         Stopping Accounts Service...
         Stopping Authorization Manager...
         Stopping Disk Manager...
         Stopping Session 6 of user vagrant.
[[0;32m  OK  [0m] Stopped Execute cloud user/final scripts.
[[0;32m  OK  [0m] Stopped target Multi-User System.
[[0;32m  OK  [0m] Stopped Initialize hardware monitoring sensors.
         Stopping OpenBSD Secure Shell server...
         Stopping FUSE filesystem for LXC...
         Stopping System Logging Service...
         Stopping Modem Manager...
         Stopping crash report submission daemon...
         Stopping LSB: Speech Dispatcher...
         Stopping Make remote CUPS printers available locally...
         Stopping LSB: automatic crash report generation...
         Stopping LSB: Start OSS...
         Stopping Tool to automatically coll… submit kernel crash signatures...
         Stopping Deferred execution scheduler...
         Stopping LSB: disk temperature monitoring daemon...
         Stopping Regular background program processing daemon...
[[0;32m  OK  [0m] Stopped Apply the settings specified in cloud-config.
[[0;32m  OK  [0m] Stopped Wait until snapd is fully seeded.
[[0;32m  OK  [0m] Stopped target Cloud-config availability.
[[0;32m  OK  [0m] Stopped target Login Prompts.
         Stopping Serial Getty on ttyS0...
         Stopping Getty on tty1...
[[0;32m  OK  [0m] Stopped Daily Cleanup of Temporary Directories.
         Stopping LXD - container startup/shutdown...
         Stopping LSB: Record successful boot for GRUB...
         Stopping irqbalance daemon...
         Stopping Light Display Manager...
         Stopping Dispatcher daemon for systemd-networkd...
[[0;32m  OK  [0m] Stopped Message of the Day.
         Stopping RealtimeKit Scheduling Policy Service...
         Stopping Virtualbox guest utils...
[[0;32m  OK  [0m] Unmounted /var/lib/lxcfs.
[[0;32m  OK  [0m] Stopped irqbalance daemon.
[[0;32m  OK  [0m] Stopped ACPI event daemon.
[[0;32m  OK  [0m] Unmounted /run/user/1000/gvfs.
[[0;32m  OK  [0m] Stopped Regular background program processing daemon.
[[0;32m  OK  [0m] Stopped Dispatcher daemon for systemd-networkd.
[[0;32m  OK  [0m] Stopped Deferred execution scheduler.
[[0;32m  OK  [0m] Stopped System Logging Service.
[[0;32m  OK  [0m] Stopped Accounts Service.
[[0;32m  OK  [0m] Stopped Authorization Manager.
[[0;32m  OK  [0m] Stopped Serial Getty on ttyS0.
[[0;32m  OK  [0m] Stopped OpenBSD Secure Shell server.
[[0;32m  OK  [0m] Stopped Getty on tty1.
[[0;32m  OK  [0m] Stopped RealtimeKit Scheduling Policy Service.
[[0;32m  OK  [0m] Stopped Availability of block devices.
[[0;32m  OK  [0m] Stopped FUSE filesystem for LXC.
[[0;32m  OK  [0m] Stopped Tool to automatically colle…nd submit kernel crash signatures.
[[0;32m  OK  [0m] Stopped Make remote CUPS printers available locally.
[[0;32m  OK  [0m] Stopped Daemon for power management.
[[0;32m  OK  [0m] Stopped LXD - container startup/shutdown.
[[0;32m  OK  [0m] Stopped Disk Manager.
[[0;32m  OK  [0m] Stopped Modem Manager.
[[0;32m  OK  [0m] Stopped crash report submission daemon.
[[0;32m  OK  [0m] Stopped LSB: Record successful boot for GRUB.
[[0;32m  OK  [0m] Stopped Virtualbox guest utils.
[[0;32m  OK  [0m] Stopped Session c2 of user vagrant.
         Stopping CUPS Scheduler...
         Stopping Avahi mDNS/DNS-SD Stack...
[[0;32m  OK  [0m] Stopped target System Time Synchronized.
[[0;32m  OK  [0m] Stopped target Host and Network Name Lookups.
[[0;32m  OK  [0m] Removed slice system-getty.slice.
[[0;32m  OK  [0m] Removed slice system-serial\x2dgetty.slice.
[[0;32m  OK  [0m] Stopped User Manager for UID 1000.
[[0;32m  OK  [0m] Stopped LSB: Speech Dispatcher.
[[0;32m  OK  [0m] Stopped LSB: disk temperature monitoring daemon.
[[0;32m  OK  [0m] Stopped target Network is Online.
[[0;32m  OK  [0m] Stopped Network Manager Wait Online.
[[0;32m  OK  [0m] Stopped LSB: Start OSS.
[[0;32m  OK  [0m] Stopped Session 6 of user vagrant.
[[0;32m  OK  [0m] Removed slice User Slice of vagrant.
         Stopping Login Service...
[[0;32m  OK  [0m] Stopped Avahi mDNS/DNS-SD Stack.
[[0;32m  OK  [0m] Stopped CUPS Scheduler.
[[0;32m  OK  [0m] Stopped LSB: automatic crash report generation.
[[0;32m  OK  [0m] Stopped Login Service.
[[0;32m  OK  [0m] Stopped Light Display Manager.
         Stopping Permit User Sessions...
[[0;32m  OK  [0m] Stopped Permit User Sessions.
[[0;32m  OK  [0m] Stopped target Remote File Systems.
[[0;32m  OK  [0m] Stopped target Remote File Systems (Pre).
[[0;32m  OK  [0m] Stopped target User and Group Name Lookups.
[[0;32m  OK  [0m] Stopped target Network.
         Stopping Network Manager...
         Stopping Network Name Resolution...
         Stopping WPA supplicant...
[[0;32m  OK  [0m] Stopped WPA supplicant.
[[0;32m  OK  [0m] Stopped Network Name Resolution.
         Stopping Network Service...
[[0;32m  OK  [0m] Stopped Network Manager.
         Stopping D-Bus System Message Bus...
[[0;32m  OK  [0m] Stopped D-Bus System Message Bus.
[[0;32m  OK  [0m] Stopped target Basic System.
[[0;32m  OK  [0m] Stopped target Slices.
[[0;32m  OK  [0m] Removed slice User and Session Slice.
[[0;32m  OK  [0m] Stopped target Sockets.
[[0;32m  OK  [0m] Closed CUPS Scheduler.
[[0;32m  OK  [0m] Closed Open-iSCSI iscsid Socket.
[[0;32m  OK  [0m] Closed Syslog Socket.
[[0;32m  OK  [0m] Closed Avahi mDNS/DNS-SD Stack Activation Socket.
[[0;32m  OK  [0m] Closed Socket activation for snappy daemon.
[[0;32m  OK  [0m] Closed LXD - unix socket.
[[0;32m  OK  [0m] Closed ACPID Listen Socket.
[[0;32m  OK  [0m] Closed UUID daemon activation socket.
[[0;32m  OK  [0m] Stopped target Paths.
[[0;32m  OK  [0m] Stopped CUPS Scheduler.
[[0;32m  OK  [0m] Stopped ACPI Events Check.
[[0;32m  OK  [0m] Closed D-Bus System Message Bus Socket.
[[0;32m  OK  [0m] Stopped target System Initialization.
         Stopping Update UTMP about System Boot/Shutdown...
[[0;32m  OK  [0m] Stopped Initial cloud-init job (metadata service crawler).
[[0;32m  OK  [0m] Stopped target Local Encrypted Volumes.
[[0;32m  OK  [0m] Stopped Forward Password Requests to Wall Directory Watch.
[[0;32m  OK  [0m] Stopped Dispatch Password Requests to Console Directory Watch.
         Stopping Load/Save Random Seed...
[[0;32m  OK  [0m] Stopped Network Service.
[[0;32m  OK  [0m] Stopped target Network (Pre).
[[0;32m  OK  [0m] Stopped Initial cloud-init job (pre-networking).
[[0;32m  OK  [0m] Stopped Apply Kernel Variables.
[[0;32m  OK  [0m] Stopped Load Kernel Modules.
[[0;32m  OK  [0m] Stopped Update UTMP about System Boot/Shutdown.
[[0;32m  OK  [0m] Stopped Create Volatile Files and Directories.
[[0;32m  OK  [0m] Stopped target Local File Systems.
         Unmounting /run/user/1000...
         Unmounting /vagrant...
[[0;32m  OK  [0m] Stopped Load/Save Random Seed.
[[0;32m  OK  [0m] Unmounted /run/user/1000.
[[0;32m  OK  [0m] Stopped target Swap.
[[0;32m  OK  [0m] Unmounted /vagrant.
[[0;32m  OK  [0m] Reached target Unmount All Filesystems.
[[0;32m  OK  [0m] Stopped target Local File Systems (Pre).
         Stopping Monitoring of LVM2 mirrors…ng dmeventd or progress polling...
[[0;32m  OK  [0m] Stopped Remount Root and Kernel File Systems.
[[0;32m  OK  [0m] Stopped Create Static Device Nodes in /dev.
[[0;32m  OK  [0m] Reached target Shutdown.
[[0;32m  OK  [0m] Reached target Final Step.
         Starting Power-Off...
[  876.716747] reboot: Power down
